<?xml version="1.0" encoding="UTF-8"?>
<!-- Generated by org.testng.reporters.JUnitReportReporter -->
<testsuite hostname="AGS-CHP-107" failures="0" tests="1" name="ro.altom.altunitytesterexample.SampleAppiumTest2" time="57.800" errors="0" timestamp="2020-05-19T00:54:06 IST" skipped="0">
  <testcase classname="ro.altom.altunitytesterexample.SampleAppiumTest2" name="main" time="57.800"/>
  <system-out/>
</testsuite> <!-- ro.altom.altunitytesterexample.SampleAppiumTest2 -->
